<?xml version="1.0" encoding="UTF-8"?>
<testng-results skipped="0" failed="0" ignored="0" total="1" passed="1">
  <reporter-output>
  </reporter-output>
  <suite name="Default suite" duration-ms="2412" started-at="2018-05-21T00:06:03Z" finished-at="2018-05-21T00:06:05Z">
    <groups>
    </groups>
    <test name="Default test" duration-ms="2412" started-at="2018-05-21T00:06:03Z" finished-at="2018-05-21T00:06:05Z">
      <class name="practice.GetWeather">
        <test-method status="PASS" signature="getWeatherData()[pri:0, instance:practice.GetWeather@56f4468b]" name="getWeatherData" duration-ms="2392" started-at="2018-05-20T17:06:03Z" finished-at="2018-05-20T17:06:05Z">
          <reporter-output>
          </reporter-output>
        </test-method> <!-- getWeatherData -->
      </class> <!-- practice.GetWeather -->
    </test> <!-- Default test -->
  </suite> <!-- Default suite -->
</testng-results>
